<?xml version="1.0" encoding="UTF-8"?>
<testsuite xmlns:xsi="http://www.w3.org/2001/XMLSchema-instance" xsi:noNamespaceSchemaLocation="https://maven.apache.org/surefire/maven-surefire-plugin/xsd/surefire-test-report.xsd" version="3.0.2" name="com.harish.project176.Project176ApplicationTests" time="3.753" tests="1" errors="0" skipped="0" failures="0" flakes="0">
  <properties>
[...]
</properties>
  <testcase name="contextLoads" classname="com.harish.project176.Project176ApplicationTests" time="1.24">
    <system-out><![CDATA[07:36:45.297 [main] INFO org.springframework.test.context.support.AnnotationConfigContextLoaderUtils -- Could not detect default configuration classes for test class [com.harish.project176.Project176ApplicationTests]: Project176ApplicationTests does not declare any static, non-private, non-final, nested classes annotated with @Configuration.
07:36:45.460 [main] INFO org.springframework.boot.test.context.SpringBootTestContextBootstrapper -- Found @SpringBootConfiguration com.harish.project176.Project176Application for test class com.harish.project176.Project176ApplicationTests
07:36:45.625 [main] INFO org.springframework.test.context.support.AnnotationConfigContextLoaderUtils -- Could not detect default configuration classes for test class [com.harish.project176.Project176ApplicationTests]: Project176ApplicationTests does not declare any static, non-private, non-final, nested classes annotated with @Configuration.
07:36:45.629 [main] INFO org.springframework.boot.test.context.SpringBootTestContextBootstrapper -- Found @SpringBootConfiguration com.harish.project176.Project176Application for test class com.harish.project176.Project176ApplicationTests

  .   ____          _            __ _ _
 /\\ / ___'_ __ _ _(_)_ __  __ _ \ \ \ \
( ( )\___ | '_ | '_| | '_ \/ _` | \ \ \ \
 \\/  ___)| |_)| | | | | || (_| |  ) ) ) )
  '  |____| .__|_| |_|_| |_\__, | / / / /
 =========|_|==============|___/=/_/_/_/

 :: Spring Boot ::                (v4.1.1)

2026-09-17T07:36:46.138Z  INFO 10473 --- [project176] [           main] c.h.p.Project176ApplicationTests         : Starting Project176ApplicationTests using Java 25.0.4.1 with PID 10473 (started by codespace in /workspaces/project-1/project176)
2026-09-17T07:36:46.140Z  INFO 10473 --- [project176] [           main] c.h.p.Project176ApplicationTests         : No active profile set, falling back to 1 default profile: "default"
2026-09-17T07:36:47.554Z  INFO 10473 --- [project176] [           main] c.h.p.Project176ApplicationTests         : Started Project176ApplicationTests in 1.851 seconds (process running for 3.894)
]]></system-out>
    <system-err><![CDATA[Mockito is currently self-attaching to enable the inline-mock-maker. This will no longer work in future releases of the JDK. Please add Mockito as an agent to your build as described in Mockito's documentation: https://javadoc.io/doc/org.mockito/mockito-core/latest/org.mockito/org/mockito/Mockito.html#0.3
WARNING: A Java agent has been loaded dynamically (/home/codespace/.m2/repository/net/bytebuddy/byte-buddy-agent/1.18.11/byte-buddy-agent-1.18.11.jar)
WARNING: If a serviceability tool is in use, please run with -XX:+EnableDynamicAgentLoading to hide this warning
WARNING: If a serviceability tool is not in use, please run with -Djdk.instrument.traceUsage for more information
WARNING: Dynamic loading of agents will be disallowed by default in a future release
]]></system-err>
  </testcase>
</testsuite>